{
  "stats": {
    "suites": 1,
    "tests": 9,
    "passes": 9,
    "pending": 0,
    "failures": 0,
    "start": "2021-03-14T07:27:23.609Z",
    "end": "2021-03-14T07:27:40.654Z",
    "duration": 17045,
    "testsRegistered": 9,
    "passPercent": 100,
    "pendingPercent": 0,
    "other": 0,
    "hasOther": false,
    "skipped": 0,
    "hasSkipped": false
  },
  "results": [
    {
      "uuid": "5523a584-5bb0-4e02-b6ca-34936ec08db1",
      "title": "",
      "fullFile": "cypress\\integration\\Buggytests\\register.spec.js",
      "file": "cypress\\integration\\Buggytests\\register.spec.js",
      "beforeHooks": [],
      "afterHooks": [],
      "tests": [],
      "suites": [
        {
          "uuid": "f2ffc9ba-ae39-4677-984a-1648b87c69e7",
          "title": "Register script for buggycarr",
          "fullFile": "",
          "file": "",
          "beforeHooks": [],
          "afterHooks": [],
          "tests": [
            {
              "title": "Valid validation error displyed -Minimum field of size 6, when password length is less than 6",
              "fullTitle": "Register script for buggycarr Valid validation error displyed -Minimum field of size 6, when password length is less than 6",
              "timedOut": null,
              "duration": 1884,
              "state": "passed",
              "speed": "slow",
              "pass": true,
              "fail": false,
              "pending": false,
              "context": null,
              "code": "cy.contains('a', 'Register').click();\ncy.get('input[name=username]').type('test');\ncy.get('input[name=firstName]').type('test');\ncy.get('input[name=lastName]').type('test');\ncy.get('[for=password]').type('test');\ncy.get('[for=confirmPassword]').type('test');\ncy.contains('button', 'Register').click(); //validation check for password length\ncy.contains(\"InvalidParameter: 1 validation error(s) found.\").should('be.visible');\ncy.contains(\"- minimum field size of 6, SignUpInput.Password.\").should('be.visible');",
              "err": {},
              "uuid": "4029a6bf-5e87-48c9-b1c2-42c51e57ce5e",
              "parentUUID": "f2ffc9ba-ae39-4677-984a-1648b87c69e7",
              "isHook": false,
              "skipped": false
            },
            {
              "title": "Valid validation error displayed -Passwords do not match,when password and confirm password do not match",
              "fullTitle": "Register script for buggycarr Valid validation error displayed -Passwords do not match,when password and confirm password do not match",
              "timedOut": null,
              "duration": 1419,
              "state": "passed",
              "speed": "slow",
              "pass": true,
              "fail": false,
              "pending": false,
              "context": null,
              "code": "cy.contains('a', 'Register').click();\ncy.get('input[name=username]').type('test');\ncy.get('input[name=firstName]').type('test');\ncy.get('input[name=lastName]').type('test');\ncy.get('[for=password]').type('test');\ncy.get('[for=confirmPassword]').type('test@1'); //validation check for password do not match\ncy.contains(\"Passwords do not match\").should('be.visible');",
              "err": {},
              "uuid": "449253fd-0cb1-4eed-9c0a-16d2b85f7d8d",
              "parentUUID": "f2ffc9ba-ae39-4677-984a-1648b87c69e7",
              "isHook": false,
              "skipped": false
            },
            {
              "title": "Invalid Error displayed-password not long enough,when  Uppercase letter missing but have 6 characters with lowercase_special_number Characters",
              "fullTitle": "Register script for buggycarr Invalid Error displayed-password not long enough,when  Uppercase letter missing but have 6 characters with lowercase_special_number Characters",
              "timedOut": null,
              "duration": 1582,
              "state": "passed",
              "speed": "slow",
              "pass": true,
              "fail": false,
              "pending": false,
              "context": null,
              "code": "cy.contains('a', 'Register').click();\ncy.get('input[name=username]').type('test');\ncy.get('input[name=firstName]').type('test');\ncy.get('input[name=lastName]').type('test');\ncy.get('[for=password]').type('tes@12');\ncy.get('[for=confirmPassword]').type('tes@12');\ncy.contains('button', 'Register').click(); //validation check for password policy length\ncy.contains(\"InvalidPasswordException: Password did not conform with policy: Password not long enough\").should('be.visible');",
              "err": {},
              "uuid": "b95eb754-9454-44ce-afeb-1018590a2ba6",
              "parentUUID": "f2ffc9ba-ae39-4677-984a-1648b87c69e7",
              "isHook": false,
              "skipped": false
            },
            {
              "title": "Valid validation error displayed-Password must have uppercase characters when password combination does not have uppercase characters",
              "fullTitle": "Register script for buggycarr Valid validation error displayed-Password must have uppercase characters when password combination does not have uppercase characters",
              "timedOut": null,
              "duration": 1668,
              "state": "passed",
              "speed": "slow",
              "pass": true,
              "fail": false,
              "pending": false,
              "context": null,
              "code": "cy.contains('a', 'Register').click();\ncy.get('input[name=username]').type('test');\ncy.get('input[name=firstName]').type('test');\ncy.get('input[name=lastName]').type('test');\ncy.get('[for=password]').type('test!123');\ncy.get('[for=confirmPassword]').type('test!123');\ncy.contains('button', 'Register').click(); //validation check for password policy uppercase\ncy.contains(\"InvalidPasswordException: Password did not conform with policy: Password must have uppercase characters\").should('be.visible');",
              "err": {},
              "uuid": "5e448971-71b4-43df-a31f-b4643d3cf51d",
              "parentUUID": "f2ffc9ba-ae39-4677-984a-1648b87c69e7",
              "isHook": false,
              "skipped": false
            },
            {
              "title": "Valid validation error displayed-Password must have symbol characters when password combination does not have special characters",
              "fullTitle": "Register script for buggycarr Valid validation error displayed-Password must have symbol characters when password combination does not have special characters",
              "timedOut": null,
              "duration": 1739,
              "state": "passed",
              "speed": "slow",
              "pass": true,
              "fail": false,
              "pending": false,
              "context": null,
              "code": "cy.contains('a', 'Register').click();\ncy.get('input[name=username]').type('test');\ncy.get('input[name=firstName]').type('test');\ncy.get('input[name=lastName]').type('est');\ncy.get('[for=password]').type('Test1234');\ncy.get('[for=confirmPassword]').type('Test1234');\ncy.contains('button', 'Register').click(); //validation check for password special symbols\ncy.contains(\"InvalidPasswordException: Password did not conform with policy: Password must have symbol characters\").should('be.visible');",
              "err": {},
              "uuid": "d2accf37-4a61-4daf-a7ee-6f5a6ae8a433",
              "parentUUID": "f2ffc9ba-ae39-4677-984a-1648b87c69e7",
              "isHook": false,
              "skipped": false
            },
            {
              "title": "Valid validation error-Password must have symbol characters when password combination does not have lower case  characters",
              "fullTitle": "Register script for buggycarr Valid validation error-Password must have symbol characters when password combination does not have lower case  characters",
              "timedOut": null,
              "duration": 1638,
              "state": "passed",
              "speed": "slow",
              "pass": true,
              "fail": false,
              "pending": false,
              "context": null,
              "code": "cy.contains('a', 'Register').click();\ncy.get('input[name=username]').type('test');\ncy.get('input[name=firstName]').type('test');\ncy.get('input[name=lastName]').type('test');\ncy.get('[for=password]').type('TESTS!23');\ncy.get('[for=confirmPassword]').type('TESTS!23');\ncy.contains('button', 'Register').click(); //validation check for password lowercase\ncy.contains(\"InvalidPasswordException: Password did not conform with policy: Password must have lowercase characters\").should('be.visible');",
              "err": {},
              "uuid": "a276a257-eab0-47dd-97e5-ae7345a15bd6",
              "parentUUID": "f2ffc9ba-ae39-4677-984a-1648b87c69e7",
              "isHook": false,
              "skipped": false
            },
            {
              "title": "register form mandatory fields",
              "fullTitle": "Register script for buggycarr register form mandatory fields",
              "timedOut": null,
              "duration": 1761,
              "state": "passed",
              "speed": "slow",
              "pass": true,
              "fail": false,
              "pending": false,
              "context": null,
              "code": "cy.contains('a', 'Register').click();\ncy.get('input[name=username]').type('test').clear();\ncy.contains('Login is required').should('be.visible');\ncy.get('input[name=firstName]').type('test').clear();\ncy.contains('First Name is required').should('be.visible');\ncy.get('input[name=lastName]').type('test').clear();\ncy.contains('First Name is required').should('be.visible');\ncy.get('#password').type('wer').clear();\ncy.contains('Password is required').should('be.visible');\ncy.get('#confirmPassword').type('wer').clear();\ncy.contains('Passwords do not match').should('be.visible');",
              "err": {},
              "uuid": "1adca24f-b63f-4205-b2d8-165dd3e7389b",
              "parentUUID": "f2ffc9ba-ae39-4677-984a-1648b87c69e7",
              "isHook": false,
              "skipped": false
            },
            {
              "title": "register form with invalid password user already exist",
              "fullTitle": "Register script for buggycarr register form with invalid password user already exist",
              "timedOut": null,
              "duration": 1592,
              "state": "passed",
              "speed": "slow",
              "pass": true,
              "fail": false,
              "pending": false,
              "context": null,
              "code": "cy.contains('a', 'Register').click();\ncy.get('input[name=username]').type('t');\ncy.get('input[name=firstName]').type('test');\ncy.get('input[name=lastName]').type('test');\ncy.get('[for=password]').type('T@12estt');\ncy.get('[for=confirmPassword]').type('T@12estt');\ncy.contains('button', 'Register').click();\ncy.contains('UsernameExistsException: User already exists').should('be.visible');",
              "err": {},
              "uuid": "5347a714-238a-472e-9dba-f83b4edde6b8",
              "parentUUID": "f2ffc9ba-ae39-4677-984a-1648b87c69e7",
              "isHook": false,
              "skipped": false
            },
            {
              "title": "register form with valid password parameter",
              "fullTitle": "Register script for buggycarr register form with valid password parameter",
              "timedOut": null,
              "duration": 2148,
              "state": "passed",
              "speed": "slow",
              "pass": true,
              "fail": false,
              "pending": false,
              "context": null,
              "code": "var _this = this;\ncy.contains('a', 'Register').click();\ncy.generateRandomString(10).then(function (username) {\n  cy.get(_this.data.selector.inputUsername).type(username);\n});\ncy.generateRandomString(10).then(function (firstname) {\n  cy.get(_this.data.selector.inputFirstname).type(firstname);\n});\ncy.generateRandomString(10).then(function (lastname) {\n  cy.get(_this.data.selector.inputLastname).type(lastname);\n});\ncy.get(this.data.selector.inputPassword).type(this.data.register.password);\ncy.get(this.data.selector.inputConfirmpassword).type(this.data.register.password);\ncy.contains('button', 'Register').click();\ncy.contains('Registration is successful').should('be.visible');\ncy.contains('a', 'Cancel').click();\ncy.contains('a', 'Buggy Rating').should('be.visible');",
              "err": {},
              "uuid": "0bc85f64-1f5c-4096-8118-799b5271ee51",
              "parentUUID": "f2ffc9ba-ae39-4677-984a-1648b87c69e7",
              "isHook": false,
              "skipped": false
            }
          ],
          "suites": [],
          "passes": [
            "4029a6bf-5e87-48c9-b1c2-42c51e57ce5e",
            "449253fd-0cb1-4eed-9c0a-16d2b85f7d8d",
            "b95eb754-9454-44ce-afeb-1018590a2ba6",
            "5e448971-71b4-43df-a31f-b4643d3cf51d",
            "d2accf37-4a61-4daf-a7ee-6f5a6ae8a433",
            "a276a257-eab0-47dd-97e5-ae7345a15bd6",
            "1adca24f-b63f-4205-b2d8-165dd3e7389b",
            "5347a714-238a-472e-9dba-f83b4edde6b8",
            "0bc85f64-1f5c-4096-8118-799b5271ee51"
          ],
          "failures": [],
          "pending": [],
          "skipped": [],
          "duration": 15431,
          "root": false,
          "rootEmpty": false,
          "_timeout": 2000
        }
      ],
      "passes": [],
      "failures": [],
      "pending": [],
      "skipped": [],
      "duration": 0,
      "root": true,
      "rootEmpty": true,
      "_timeout": 2000
    }
  ],
  "meta": {
    "mocha": {
      "version": "7.0.1"
    },
    "mochawesome": {
      "options": {
        "quiet": false,
        "reportFilename": "report",
        "saveHtml": true,
        "saveJson": true,
        "consoleReporter": "spec",
        "useInlineDiffs": false,
        "code": true
      },
      "version": "6.2.2"
    },
    "marge": {
      "options": {
        "reportDir": "cypress/reports",
        "reportFilename": "report",
        "overwrite": false,
        "html": true,
        "json": true,
        "charts": true
      },
      "version": "5.2.0"
    }
  }
}