{
  "stats": {
    "suites": 1,
    "tests": 2,
    "passes": 2,
    "pending": 0,
    "failures": 0,
    "start": "2021-03-14T07:27:02.391Z",
    "end": "2021-03-14T07:27:07.233Z",
    "duration": 4842,
    "testsRegistered": 2,
    "passPercent": 100,
    "pendingPercent": 0,
    "other": 0,
    "hasOther": false,
    "skipped": 0,
    "hasSkipped": false
  },
  "results": [
    {
      "uuid": "a5487023-d3ce-4b98-bfdb-2f0e75217858",
      "title": "",
      "fullFile": "cypress\\integration\\Buggytests\\login.spec.js",
      "file": "cypress\\integration\\Buggytests\\login.spec.js",
      "beforeHooks": [],
      "afterHooks": [],
      "tests": [],
      "suites": [
        {
          "uuid": "360ec36d-2dbb-49a2-b591-5cb5f24dc467",
          "title": "Login script for buggycarr",
          "fullFile": "",
          "file": "",
          "beforeHooks": [],
          "afterHooks": [],
          "tests": [
            {
              "title": "Successful Log in with valid login and password",
              "fullTitle": "Login script for buggycarr Successful Log in with valid login and password",
              "timedOut": null,
              "duration": 2073,
              "state": "passed",
              "speed": "slow",
              "pass": true,
              "fail": false,
              "pending": false,
              "context": null,
              "code": "cy.get(this.data.selector.inputLogin).type(this.data.register.username);\ncy.get(this.data.selector.inputPswd).type(this.data.register.password);\ncy.contains('button', 'Login').click();\ncy.contains('li', 'Hi', +this.data.register.firstname).should('be.visible');\ncy.contains('a', 'Logout').click();",
              "err": {},
              "uuid": "7141731a-6760-47c7-90c5-720367b3f715",
              "parentUUID": "360ec36d-2dbb-49a2-b591-5cb5f24dc467",
              "isHook": false,
              "skipped": false
            },
            {
              "title": "Display_error invalid username_password with invalid credentials",
              "fullTitle": "Login script for buggycarr Display_error invalid username_password with invalid credentials",
              "timedOut": null,
              "duration": 1123,
              "state": "passed",
              "speed": "slow",
              "pass": true,
              "fail": false,
              "pending": false,
              "context": null,
              "code": "var _this = this;\ncy.generateRandomString(10).then(function (user) {\n  cy.get(_this.data.selector.inputLogin).type(user);\n});\ncy.generateRandomString(10).then(function (psd) {\n  cy.get(_this.data.selector.inputPswd).type(psd);\n});\ncy.contains('button', 'Login').click();\ncy.contains('Invalid username/password').should('be.visible');",
              "err": {},
              "uuid": "73a43d04-8e26-4c7e-aabf-d2e21fe462cb",
              "parentUUID": "360ec36d-2dbb-49a2-b591-5cb5f24dc467",
              "isHook": false,
              "skipped": false
            }
          ],
          "suites": [],
          "passes": [
            "7141731a-6760-47c7-90c5-720367b3f715",
            "73a43d04-8e26-4c7e-aabf-d2e21fe462cb"
          ],
          "failures": [],
          "pending": [],
          "skipped": [],
          "duration": 3196,
          "root": false,
          "rootEmpty": false,
          "_timeout": 2000
        }
      ],
      "passes": [],
      "failures": [],
      "pending": [],
      "skipped": [],
      "duration": 0,
      "root": true,
      "rootEmpty": true,
      "_timeout": 2000
    }
  ],
  "meta": {
    "mocha": {
      "version": "7.0.1"
    },
    "mochawesome": {
      "options": {
        "quiet": false,
        "reportFilename": "report",
        "saveHtml": true,
        "saveJson": true,
        "consoleReporter": "spec",
        "useInlineDiffs": false,
        "code": true
      },
      "version": "6.2.2"
    },
    "marge": {
      "options": {
        "reportDir": "cypress/reports",
        "reportFilename": "report",
        "overwrite": false,
        "html": true,
        "json": true,
        "charts": true
      },
      "version": "5.2.0"
    }
  }
}