{
  "stats": {
    "suites": 1,
    "tests": 2,
    "passes": 2,
    "pending": 0,
    "failures": 0,
    "start": "2021-03-14T08:25:08.610Z",
    "end": "2021-03-14T08:25:22.709Z",
    "duration": 14099,
    "testsRegistered": 2,
    "passPercent": 100,
    "pendingPercent": 0,
    "other": 0,
    "hasOther": false,
    "skipped": 0,
    "hasSkipped": false
  },
  "results": [
    {
      "uuid": "1b15cc3d-afcf-4345-8cd6-41201d0ccd6e",
      "title": "",
      "fullFile": "cypress\\integration\\Buggytests\\login.spec.js",
      "file": "cypress\\integration\\Buggytests\\login.spec.js",
      "beforeHooks": [],
      "afterHooks": [],
      "tests": [],
      "suites": [
        {
          "uuid": "7336f647-7233-4a28-9a1a-a42ffd599e51",
          "title": "Login script for buggycarr",
          "fullFile": "",
          "file": "",
          "beforeHooks": [],
          "afterHooks": [],
          "tests": [
            {
              "title": "Successful Log in with valid login and password",
              "fullTitle": "Login script for buggycarr Successful Log in with valid login and password",
              "timedOut": null,
              "duration": 10392,
              "state": "passed",
              "speed": "slow",
              "pass": true,
              "fail": false,
              "pending": false,
              "context": null,
              "code": "cy.get(this.data.selector.inputLogin).type(this.data.register.username);\ncy.get(this.data.selector.inputPswd).type(this.data.register.password);\ncy.contains('button', 'Login').click();\ncy.contains('li', 'Hi', +this.data.register.firstname).should('be.visible');\ncy.contains('a', 'Logout').click();",
              "err": {},
              "uuid": "bccd9533-379e-4b56-af6d-e6ff9f971167",
              "parentUUID": "7336f647-7233-4a28-9a1a-a42ffd599e51",
              "isHook": false,
              "skipped": false
            },
            {
              "title": "Display_error invalid username_password with invalid credentials",
              "fullTitle": "Login script for buggycarr Display_error invalid username_password with invalid credentials",
              "timedOut": null,
              "duration": 1474,
              "state": "passed",
              "speed": "slow",
              "pass": true,
              "fail": false,
              "pending": false,
              "context": null,
              "code": "var _this = this;\ncy.generateRandomString(10).then(function (user) {\n  cy.get(_this.data.selector.inputLogin).type(user);\n});\ncy.generateRandomString(10).then(function (psd) {\n  cy.get(_this.data.selector.inputPswd).type(psd);\n});\ncy.contains('button', 'Login').click();\ncy.contains('Invalid username/password').should('be.visible');",
              "err": {},
              "uuid": "666d87fc-344d-4444-9b3f-47642e9fd846",
              "parentUUID": "7336f647-7233-4a28-9a1a-a42ffd599e51",
              "isHook": false,
              "skipped": false
            }
          ],
          "suites": [],
          "passes": [
            "bccd9533-379e-4b56-af6d-e6ff9f971167",
            "666d87fc-344d-4444-9b3f-47642e9fd846"
          ],
          "failures": [],
          "pending": [],
          "skipped": [],
          "duration": 11866,
          "root": false,
          "rootEmpty": false,
          "_timeout": 2000
        }
      ],
      "passes": [],
      "failures": [],
      "pending": [],
      "skipped": [],
      "duration": 0,
      "root": true,
      "rootEmpty": true,
      "_timeout": 2000
    }
  ],
  "meta": {
    "mocha": {
      "version": "7.0.1"
    },
    "mochawesome": {
      "options": {
        "quiet": false,
        "reportFilename": "report",
        "saveHtml": true,
        "saveJson": true,
        "consoleReporter": "spec",
        "useInlineDiffs": false,
        "code": true
      },
      "version": "6.2.2"
    },
    "marge": {
      "options": {
        "reportDir": "cypress/reports",
        "reportFilename": "report",
        "overwrite": false,
        "html": true,
        "json": true,
        "charts": true
      },
      "version": "5.2.0"
    }
  }
}