{
  "stats": {
    "suites": 1,
    "tests": 9,
    "passes": 9,
    "pending": 0,
    "failures": 0,
    "start": "2021-03-14T08:25:40.123Z",
    "end": "2021-03-14T08:26:02.869Z",
    "duration": 22746,
    "testsRegistered": 9,
    "passPercent": 100,
    "pendingPercent": 0,
    "other": 0,
    "hasOther": false,
    "skipped": 0,
    "hasSkipped": false
  },
  "results": [
    {
      "uuid": "7e42da71-f892-452b-956f-26ebc4727e02",
      "title": "",
      "fullFile": "cypress\\integration\\Buggytests\\register.spec.js",
      "file": "cypress\\integration\\Buggytests\\register.spec.js",
      "beforeHooks": [],
      "afterHooks": [],
      "tests": [],
      "suites": [
        {
          "uuid": "0035d5c0-62da-4106-a212-61443657e532",
          "title": "Register script for buggycarr",
          "fullFile": "",
          "file": "",
          "beforeHooks": [],
          "afterHooks": [],
          "tests": [
            {
              "title": "Valid validation error displyed -Minimum field of size 6, when password length is less than 6",
              "fullTitle": "Register script for buggycarr Valid validation error displyed -Minimum field of size 6, when password length is less than 6",
              "timedOut": null,
              "duration": 3291,
              "state": "passed",
              "speed": "slow",
              "pass": true,
              "fail": false,
              "pending": false,
              "context": null,
              "code": "cy.contains('a', 'Register').click();\ncy.get('input[name=username]').type('test');\ncy.get('input[name=firstName]').type('test');\ncy.get('input[name=lastName]').type('test');\ncy.get('[for=password]').type('test');\ncy.get('[for=confirmPassword]').type('test');\ncy.contains('button', 'Register').click(); //validation check for password length\ncy.contains(\"InvalidParameter: 1 validation error(s) found.\").should('be.visible');\ncy.contains(\"- minimum field size of 6, SignUpInput.Password.\").should('be.visible');",
              "err": {},
              "uuid": "3dde5acc-c0a9-4ce4-a876-d3c26bad7b7e",
              "parentUUID": "0035d5c0-62da-4106-a212-61443657e532",
              "isHook": false,
              "skipped": false
            },
            {
              "title": "Valid validation error displayed -Passwords do not match,when password and confirm password do not match",
              "fullTitle": "Register script for buggycarr Valid validation error displayed -Passwords do not match,when password and confirm password do not match",
              "timedOut": null,
              "duration": 2079,
              "state": "passed",
              "speed": "slow",
              "pass": true,
              "fail": false,
              "pending": false,
              "context": null,
              "code": "cy.contains('a', 'Register').click();\ncy.get('input[name=username]').type('test');\ncy.get('input[name=firstName]').type('test');\ncy.get('input[name=lastName]').type('test');\ncy.get('[for=password]').type('test');\ncy.get('[for=confirmPassword]').type('test@1'); //validation check for password do not match\ncy.contains(\"Passwords do not match\").should('be.visible');",
              "err": {},
              "uuid": "47b231e1-f6a7-4f4c-9568-e1f90a5eaa23",
              "parentUUID": "0035d5c0-62da-4106-a212-61443657e532",
              "isHook": false,
              "skipped": false
            },
            {
              "title": "Invalid Error displayed-password not long enough,when  Uppercase letter missing but have 6 characters with lowercase_special_number Characters",
              "fullTitle": "Register script for buggycarr Invalid Error displayed-password not long enough,when  Uppercase letter missing but have 6 characters with lowercase_special_number Characters",
              "timedOut": null,
              "duration": 2051,
              "state": "passed",
              "speed": "slow",
              "pass": true,
              "fail": false,
              "pending": false,
              "context": null,
              "code": "cy.contains('a', 'Register').click();\ncy.get('input[name=username]').type('test');\ncy.get('input[name=firstName]').type('test');\ncy.get('input[name=lastName]').type('test');\ncy.get('[for=password]').type('tes@12');\ncy.get('[for=confirmPassword]').type('tes@12');\ncy.contains('button', 'Register').click(); //validation check for password policy length\ncy.contains(\"InvalidPasswordException: Password did not conform with policy: Password not long enough\").should('be.visible');",
              "err": {},
              "uuid": "8039d355-ce37-4add-9a56-260997a2632d",
              "parentUUID": "0035d5c0-62da-4106-a212-61443657e532",
              "isHook": false,
              "skipped": false
            },
            {
              "title": "Valid validation error displayed-Password must have uppercase characters when password combination does not have uppercase characters",
              "fullTitle": "Register script for buggycarr Valid validation error displayed-Password must have uppercase characters when password combination does not have uppercase characters",
              "timedOut": null,
              "duration": 2176,
              "state": "passed",
              "speed": "slow",
              "pass": true,
              "fail": false,
              "pending": false,
              "context": null,
              "code": "cy.contains('a', 'Register').click();\ncy.get('input[name=username]').type('test');\ncy.get('input[name=firstName]').type('test');\ncy.get('input[name=lastName]').type('test');\ncy.get('[for=password]').type('test!123');\ncy.get('[for=confirmPassword]').type('test!123');\ncy.contains('button', 'Register').click(); //validation check for password policy uppercase\ncy.contains(\"InvalidPasswordException: Password did not conform with policy: Password must have uppercase characters\").should('be.visible');",
              "err": {},
              "uuid": "4737261f-501e-4b55-9d3e-85027cab56f2",
              "parentUUID": "0035d5c0-62da-4106-a212-61443657e532",
              "isHook": false,
              "skipped": false
            },
            {
              "title": "Valid validation error displayed-Password must have symbol characters when password combination does not have special characters",
              "fullTitle": "Register script for buggycarr Valid validation error displayed-Password must have symbol characters when password combination does not have special characters",
              "timedOut": null,
              "duration": 2070,
              "state": "passed",
              "speed": "slow",
              "pass": true,
              "fail": false,
              "pending": false,
              "context": null,
              "code": "cy.contains('a', 'Register').click();\ncy.get('input[name=username]').type('test');\ncy.get('input[name=firstName]').type('test');\ncy.get('input[name=lastName]').type('est');\ncy.get('[for=password]').type('Test1234');\ncy.get('[for=confirmPassword]').type('Test1234');\ncy.contains('button', 'Register').click(); //validation check for password special symbols\ncy.contains(\"InvalidPasswordException: Password did not conform with policy: Password must have symbol characters\").should('be.visible');",
              "err": {},
              "uuid": "180dd117-893c-44b1-85b2-e68bfc6def40",
              "parentUUID": "0035d5c0-62da-4106-a212-61443657e532",
              "isHook": false,
              "skipped": false
            },
            {
              "title": "Valid validation error-Password must have symbol characters when password combination does not have lower case  characters",
              "fullTitle": "Register script for buggycarr Valid validation error-Password must have symbol characters when password combination does not have lower case  characters",
              "timedOut": null,
              "duration": 2022,
              "state": "passed",
              "speed": "slow",
              "pass": true,
              "fail": false,
              "pending": false,
              "context": null,
              "code": "cy.contains('a', 'Register').click();\ncy.get('input[name=username]').type('test');\ncy.get('input[name=firstName]').type('test');\ncy.get('input[name=lastName]').type('test');\ncy.get('[for=password]').type('TESTS!23');\ncy.get('[for=confirmPassword]').type('TESTS!23');\ncy.contains('button', 'Register').click(); //validation check for password lowercase\ncy.contains(\"InvalidPasswordException: Password did not conform with policy: Password must have lowercase characters\").should('be.visible');",
              "err": {},
              "uuid": "1e2b76e1-976e-4ba8-9503-6e7127c63ea9",
              "parentUUID": "0035d5c0-62da-4106-a212-61443657e532",
              "isHook": false,
              "skipped": false
            },
            {
              "title": "register form mandatory fields",
              "fullTitle": "Register script for buggycarr register form mandatory fields",
              "timedOut": null,
              "duration": 2239,
              "state": "passed",
              "speed": "slow",
              "pass": true,
              "fail": false,
              "pending": false,
              "context": null,
              "code": "cy.contains('a', 'Register').click();\ncy.get('input[name=username]').type('test').clear();\ncy.contains('Login is required').should('be.visible');\ncy.get('input[name=firstName]').type('test').clear();\ncy.contains('First Name is required').should('be.visible');\ncy.get('input[name=lastName]').type('test').clear();\ncy.contains('First Name is required').should('be.visible');\ncy.get('#password').type('wer').clear();\ncy.contains('Password is required').should('be.visible');\ncy.get('#confirmPassword').type('wer').clear();\ncy.contains('Passwords do not match').should('be.visible');",
              "err": {},
              "uuid": "319b6f8a-4f1b-4df7-b098-e246e54c089f",
              "parentUUID": "0035d5c0-62da-4106-a212-61443657e532",
              "isHook": false,
              "skipped": false
            },
            {
              "title": "register form with invalid password user already exist",
              "fullTitle": "Register script for buggycarr register form with invalid password user already exist",
              "timedOut": null,
              "duration": 2097,
              "state": "passed",
              "speed": "slow",
              "pass": true,
              "fail": false,
              "pending": false,
              "context": null,
              "code": "cy.contains('a', 'Register').click();\ncy.get('input[name=username]').type('t');\ncy.get('input[name=firstName]').type('test');\ncy.get('input[name=lastName]').type('test');\ncy.get('[for=password]').type('T@12estt');\ncy.get('[for=confirmPassword]').type('T@12estt');\ncy.contains('button', 'Register').click();\ncy.contains('UsernameExistsException: User already exists').should('be.visible');",
              "err": {},
              "uuid": "0f52d106-a966-4274-b3a0-f705e8cc1892",
              "parentUUID": "0035d5c0-62da-4106-a212-61443657e532",
              "isHook": false,
              "skipped": false
            },
            {
              "title": "register form with valid password parameter",
              "fullTitle": "Register script for buggycarr register form with valid password parameter",
              "timedOut": null,
              "duration": 2411,
              "state": "passed",
              "speed": "slow",
              "pass": true,
              "fail": false,
              "pending": false,
              "context": null,
              "code": "var _this = this;\ncy.contains('a', 'Register').click();\ncy.generateRandomString(10).then(function (username) {\n  cy.get(_this.data.selector.inputUsername).type(username);\n});\ncy.generateRandomString(10).then(function (firstname) {\n  cy.get(_this.data.selector.inputFirstname).type(firstname);\n});\ncy.generateRandomString(10).then(function (lastname) {\n  cy.get(_this.data.selector.inputLastname).type(lastname);\n});\ncy.get(this.data.selector.inputPassword).type(this.data.register.password);\ncy.get(this.data.selector.inputConfirmpassword).type(this.data.register.password);\ncy.contains('button', 'Register').click();\ncy.contains('Registration is successful').should('be.visible');\ncy.contains('a', 'Cancel').click();\ncy.contains('a', 'Buggy Rating').should('be.visible');",
              "err": {},
              "uuid": "6a642d3c-8876-456e-bf74-5f47023e89e0",
              "parentUUID": "0035d5c0-62da-4106-a212-61443657e532",
              "isHook": false,
              "skipped": false
            }
          ],
          "suites": [],
          "passes": [
            "3dde5acc-c0a9-4ce4-a876-d3c26bad7b7e",
            "47b231e1-f6a7-4f4c-9568-e1f90a5eaa23",
            "8039d355-ce37-4add-9a56-260997a2632d",
            "4737261f-501e-4b55-9d3e-85027cab56f2",
            "180dd117-893c-44b1-85b2-e68bfc6def40",
            "1e2b76e1-976e-4ba8-9503-6e7127c63ea9",
            "319b6f8a-4f1b-4df7-b098-e246e54c089f",
            "0f52d106-a966-4274-b3a0-f705e8cc1892",
            "6a642d3c-8876-456e-bf74-5f47023e89e0"
          ],
          "failures": [],
          "pending": [],
          "skipped": [],
          "duration": 20436,
          "root": false,
          "rootEmpty": false,
          "_timeout": 2000
        }
      ],
      "passes": [],
      "failures": [],
      "pending": [],
      "skipped": [],
      "duration": 0,
      "root": true,
      "rootEmpty": true,
      "_timeout": 2000
    }
  ],
  "meta": {
    "mocha": {
      "version": "7.0.1"
    },
    "mochawesome": {
      "options": {
        "quiet": false,
        "reportFilename": "report",
        "saveHtml": true,
        "saveJson": true,
        "consoleReporter": "spec",
        "useInlineDiffs": false,
        "code": true
      },
      "version": "6.2.2"
    },
    "marge": {
      "options": {
        "reportDir": "cypress/reports",
        "reportFilename": "report",
        "overwrite": false,
        "html": true,
        "json": true,
        "charts": true
      },
      "version": "5.2.0"
    }
  }
}