{
  "stats": {
    "suites": 1,
    "tests": 1,
    "passes": 1,
    "pending": 0,
    "failures": 0,
    "start": "2021-03-14T08:25:27.060Z",
    "end": "2021-03-14T08:25:34.492Z",
    "duration": 7432,
    "testsRegistered": 1,
    "passPercent": 100,
    "pendingPercent": 0,
    "other": 0,
    "hasOther": false,
    "skipped": 0,
    "hasSkipped": false
  },
  "results": [
    {
      "uuid": "68a0ddd4-b547-4dff-a2c4-844e0e475bcf",
      "title": "",
      "fullFile": "cypress\\integration\\Buggytests\\profile.spec.js",
      "file": "cypress\\integration\\Buggytests\\profile.spec.js",
      "beforeHooks": [],
      "afterHooks": [],
      "tests": [],
      "suites": [
        {
          "uuid": "d586ff93-e10f-4085-882a-93dd01f92f5a",
          "title": "User Profile script for buggycar",
          "fullFile": "",
          "file": "",
          "beforeHooks": [],
          "afterHooks": [],
          "tests": [
            {
              "title": "Update user profile additional details",
              "fullTitle": "User Profile script for buggycar Update user profile additional details",
              "timedOut": null,
              "duration": 5315,
              "state": "passed",
              "speed": "slow",
              "pass": true,
              "fail": false,
              "pending": false,
              "context": null,
              "code": "cy.get(this.data.selector.inputLogin).type(this.data.register.username);\ncy.get(this.data.selector.inputPswd).type(this.data.register.password);\ncy.contains('button', 'Login').click();\ncy.contains('a', 'Profile').click();\ncy.get('#gender').type(this.data.register.gender);\ncy.get('#age').type(this.data.register.age);\ncy.get('#address').type(this.data.register.address);\ncy.get('#hobby').select(this.data.register.hobby);\ncy.contains('button', 'Save').click();\ncy.get('.result').contains('The profile has been saved successful').should('be.visible');\ncy.get('#gender').clear();\ncy.get('#age').clear();\ncy.get('#address').clear();\ncy.contains('button', 'Save').click();\ncy.get('.result').contains('The profile has been saved successful').should('be.visible');",
              "err": {},
              "uuid": "9e1648d6-c5ab-49ea-8828-e258b64dcaa1",
              "parentUUID": "d586ff93-e10f-4085-882a-93dd01f92f5a",
              "isHook": false,
              "skipped": false
            }
          ],
          "suites": [],
          "passes": [
            "9e1648d6-c5ab-49ea-8828-e258b64dcaa1"
          ],
          "failures": [],
          "pending": [],
          "skipped": [],
          "duration": 5315,
          "root": false,
          "rootEmpty": false,
          "_timeout": 2000
        }
      ],
      "passes": [],
      "failures": [],
      "pending": [],
      "skipped": [],
      "duration": 0,
      "root": true,
      "rootEmpty": true,
      "_timeout": 2000
    }
  ],
  "meta": {
    "mocha": {
      "version": "7.0.1"
    },
    "mochawesome": {
      "options": {
        "quiet": false,
        "reportFilename": "report",
        "saveHtml": true,
        "saveJson": true,
        "consoleReporter": "spec",
        "useInlineDiffs": false,
        "code": true
      },
      "version": "6.2.2"
    },
    "marge": {
      "options": {
        "reportDir": "cypress/reports",
        "reportFilename": "report",
        "overwrite": false,
        "html": true,
        "json": true,
        "charts": true
      },
      "version": "5.2.0"
    }
  }
}