{
  "stats": {
    "suites": 1,
    "tests": 1,
    "passes": 1,
    "pending": 0,
    "failures": 0,
    "start": "2021-03-14T07:27:13.713Z",
    "end": "2021-03-14T07:27:20.481Z",
    "duration": 6768,
    "testsRegistered": 1,
    "passPercent": 100,
    "pendingPercent": 0,
    "other": 0,
    "hasOther": false,
    "skipped": 0,
    "hasSkipped": false
  },
  "results": [
    {
      "uuid": "18529e1d-e018-49bc-bf45-d48975837f88",
      "title": "",
      "fullFile": "cypress\\integration\\Buggytests\\profile.spec.js",
      "file": "cypress\\integration\\Buggytests\\profile.spec.js",
      "beforeHooks": [],
      "afterHooks": [],
      "tests": [],
      "suites": [
        {
          "uuid": "2a823775-6060-4dbf-be0e-82536c7ba0ef",
          "title": "User Profile script for buggycar",
          "fullFile": "",
          "file": "",
          "beforeHooks": [],
          "afterHooks": [],
          "tests": [
            {
              "title": "Update user profile additional details",
              "fullTitle": "User Profile script for buggycar Update user profile additional details",
              "timedOut": null,
              "duration": 5141,
              "state": "passed",
              "speed": "slow",
              "pass": true,
              "fail": false,
              "pending": false,
              "context": null,
              "code": "cy.get(this.data.selector.inputLogin).type(this.data.register.username);\ncy.get(this.data.selector.inputPswd).type(this.data.register.password);\ncy.contains('button', 'Login').click();\ncy.contains('a', 'Profile').click();\ncy.get('#gender').type(this.data.register.gender);\ncy.get('#age').type(this.data.register.age);\ncy.get('#address').type(this.data.register.address);\ncy.get('#hobby').select(this.data.register.hobby);\ncy.contains('button', 'Save').click();\ncy.get('.result').contains('The profile has been saved successful').should('be.visible');\ncy.get('#gender').clear();\ncy.get('#age').clear();\ncy.get('#address').clear();\ncy.contains('button', 'Save').click();\ncy.get('.result').contains('The profile has been saved successful').should('be.visible');",
              "err": {},
              "uuid": "07f8a3e8-b699-4795-af35-02a0adbea269",
              "parentUUID": "2a823775-6060-4dbf-be0e-82536c7ba0ef",
              "isHook": false,
              "skipped": false
            }
          ],
          "suites": [],
          "passes": [
            "07f8a3e8-b699-4795-af35-02a0adbea269"
          ],
          "failures": [],
          "pending": [],
          "skipped": [],
          "duration": 5141,
          "root": false,
          "rootEmpty": false,
          "_timeout": 2000
        }
      ],
      "passes": [],
      "failures": [],
      "pending": [],
      "skipped": [],
      "duration": 0,
      "root": true,
      "rootEmpty": true,
      "_timeout": 2000
    }
  ],
  "meta": {
    "mocha": {
      "version": "7.0.1"
    },
    "mochawesome": {
      "options": {
        "quiet": false,
        "reportFilename": "report",
        "saveHtml": true,
        "saveJson": true,
        "consoleReporter": "spec",
        "useInlineDiffs": false,
        "code": true
      },
      "version": "6.2.2"
    },
    "marge": {
      "options": {
        "reportDir": "cypress/reports",
        "reportFilename": "report",
        "overwrite": false,
        "html": true,
        "json": true,
        "charts": true
      },
      "version": "5.2.0"
    }
  }
}